\BOOKMARK [0][-]{chapter.1}{\376\377\000I\000n\000t\000r\000o\000d\000u\000c\000c\000i\000\363\000n}{}% 1
\BOOKMARK [0][-]{chapter.2}{\376\377\000C\000i\000n\000e\000m\000\341\000t\000i\000c\000a\000\040\000D\000i\000r\000e\000c\000t\000a}{}% 2
\BOOKMARK [1][-]{section.2.1}{\376\377\000C\000\363\000d\000i\000g\000o\000\040\000I\000m\000p\000l\000e\000m\000e\000n\000t\000a\000d\000o}{chapter.2}% 3
\BOOKMARK [2][-]{subsection.2.1.1}{\376\377\000A\000n\000\341\000l\000i\000s\000i\000s}{section.2.1}% 4
\BOOKMARK [2][-]{subsection.2.1.2}{\376\377\000C\000o\000m\000p\000l\000e\000j\000i\000d\000a\000d}{section.2.1}% 5
\BOOKMARK [1][-]{section.2.2}{\376\377\000M\000e\000j\000o\000r\000a\000s}{chapter.2}% 6
\BOOKMARK [1][-]{section.2.3}{\376\377\000E\000j\000e\000m\000p\000l\000o}{chapter.2}% 7
\BOOKMARK [2][-]{subsection.2.3.1}{\376\377\000C\000\363\000d\000i\000g\000o}{section.2.3}% 8
\BOOKMARK [2][-]{subsection.2.3.2}{\376\377\000E\000j\000e\000c\000u\000c\000i\000\363\000n}{section.2.3}% 9
\BOOKMARK [1][-]{section.2.4}{\376\377\000C\000o\000n\000c\000l\000u\000s\000i\000o\000n\000s}{chapter.2}% 10
\BOOKMARK [0][-]{chapter.3}{\376\377\000C\000i\000n\000e\000m\000\341\000t\000i\000c\000a\000\040\000I\000n\000v\000e\000r\000s\000a}{}% 11
\BOOKMARK [1][-]{section.3.1}{\376\377\000C\000\363\000d\000i\000g\000o\000\040\000I\000m\000p\000l\000e\000m\000e\000n\000t\000a\000d\000o}{chapter.3}% 12
\BOOKMARK [2][-]{subsection.3.1.1}{\376\377\000A\000n\000\341\000l\000i\000s\000i\000s}{section.3.1}% 13
\BOOKMARK [2][-]{subsection.3.1.2}{\376\377\000C\000o\000m\000p\000l\000e\000j\000i\000d\000a\000d}{section.3.1}% 14
\BOOKMARK [2][-]{subsection.3.1.3}{\376\377\000F\000\351\000\040\000d\000e\000\040\000e\000r\000r\000a\000t\000a\000s}{section.3.1}% 15
\BOOKMARK [1][-]{section.3.2}{\376\377\000M\000e\000j\000o\000r\000a\000s}{chapter.3}% 16
\BOOKMARK [2][-]{subsection.3.2.1}{\376\377\000L\000e\000c\000t\000u\000r\000a\000\040\000d\000e\000\040\000J\000S\000O\000N}{section.3.2}% 17
\BOOKMARK [2][-]{subsection.3.2.2}{\376\377\000P\000r\000o\000p\000u\000e\000s\000t\000a\000s}{section.3.2}% 18
\BOOKMARK [1][-]{section.3.3}{\376\377\000E\000j\000e\000m\000p\000l\000o\000s\000\040\000d\000e\000\040\000E\000j\000e\000c\000u\000c\000i\000\363\000n}{chapter.3}% 19
\BOOKMARK [2][-]{subsection.3.3.1}{\376\377\000E\000j\000e\000c\000u\000c\000i\000\363\000n\000\040\0001}{section.3.3}% 20
\BOOKMARK [2][-]{subsection.3.3.2}{\376\377\000E\000j\000e\000c\000u\000c\000i\000\363\000n\000\040\0002}{section.3.3}% 21
\BOOKMARK [2][-]{subsection.3.3.3}{\376\377\000E\000j\000e\000c\000u\000c\000i\000\363\000n\000\040\0003}{section.3.3}% 22
\BOOKMARK [1][-]{section.3.4}{\376\377\000C\000o\000n\000c\000l\000u\000s\000i\000o\000n\000s}{chapter.3}% 23
\BOOKMARK [0][-]{chapter.4}{\376\377\000L\000o\000c\000a\000l\000i\000z\000a\000c\000i\000\363\000n}{}% 24
\BOOKMARK [1][-]{section.4.1}{\376\377\000C\000\363\000d\000i\000g\000o\000\040\000I\000m\000p\000l\000e\000m\000e\000n\000t\000a\000d\000o}{chapter.4}% 25
\BOOKMARK [2][-]{subsection.4.1.1}{\376\377\000A\000n\000\341\000l\000i\000s\000i\000s}{section.4.1}% 26
\BOOKMARK [2][-]{subsection.4.1.2}{\376\377\000C\000o\000m\000p\000l\000e\000j\000i\000d\000a\000d}{section.4.1}% 27
\BOOKMARK [1][-]{section.4.2}{\376\377\000M\000e\000j\000o\000r\000a\000s}{chapter.4}% 28
\BOOKMARK [2][-]{subsection.4.2.1}{\376\377\000A\000j\000u\000s\000t\000e\000\040\000d\000e\000\040\000l\000a\000\040\000o\000r\000i\000e\000n\000t\000a\000c\000i\000\363\000n}{section.4.2}% 29
\BOOKMARK [2][-]{subsection.4.2.2}{\376\377\000U\000s\000o\000\040\000d\000e\000\040\000i\000n\000c\000r\000e\000m\000e\000n\000t\000o\000\040\000p\000i\000r\000a\000m\000i\000d\000a\000l}{section.4.2}% 30
\BOOKMARK [2][-]{subsection.4.2.3}{\376\377\000C\000\341\000l\000c\000u\000l\000o\000\040\000d\000e\000\040\000u\000n\000\040\000r\000a\000d\000i\000o\000\040\000i\000n\000i\000c\000i\000a\000l\000\040\000e\000n\000\040\000f\000u\000n\000c\000i\000\363\000n\000\040\000d\000e\000\040\000l\000a\000s\000\040\000b\000a\000l\000i\000z\000a\000s\000\040\000y\000\040\000m\000a\000r\000g\000e\000n}{section.4.2}% 31
\BOOKMARK [1][-]{section.4.3}{\376\377\000E\000j\000e\000m\000p\000l\000o\000s\000\040\000d\000e\000\040\000e\000j\000e\000c\000u\000c\000i\000\363\000n}{chapter.4}% 32
\BOOKMARK [2][-]{subsection.4.3.1}{\376\377\000E\000j\000e\000m\000p\000l\000o\000\040\0001}{section.4.3}% 33
\BOOKMARK [2][-]{subsection.4.3.2}{\376\377\000E\000j\000e\000m\000p\000l\000o\000\040\0002}{section.4.3}% 34
\BOOKMARK [2][-]{subsection.4.3.3}{\376\377\000E\000j\000e\000m\000p\000l\000o\000\040\0003}{section.4.3}% 35
\BOOKMARK [2][-]{subsection.4.3.4}{\376\377\000E\000j\000e\000m\000p\000l\000o\000\040\0004}{section.4.3}% 36
\BOOKMARK [1][-]{section.4.4}{\376\377\000C\000o\000n\000c\000l\000u\000s\000i\000o\000n\000s}{chapter.4}% 37
\BOOKMARK [0][-]{chapter.5}{\376\377\000F\000i\000l\000t\000r\000o\000\040\000d\000e\000\040\000P\000a\000r\000t\000\355\000c\000u\000l\000a\000s}{}% 38
\BOOKMARK [1][-]{section.5.1}{\376\377\000C\000\363\000d\000i\000g\000o\000\040\000I\000m\000p\000l\000e\000m\000e\000n\000t\000a\000d\000o}{chapter.5}% 39
\BOOKMARK [2][-]{subsection.5.1.1}{\376\377\000A\000n\000\341\000l\000i\000s\000i\000s}{section.5.1}% 40
\BOOKMARK [2][-]{subsection.5.1.2}{\376\377\000C\000o\000m\000p\000l\000e\000j\000i\000d\000a\000d}{section.5.1}% 41
\BOOKMARK [1][-]{section.5.2}{\376\377\000M\000e\000j\000o\000r\000a\000s}{chapter.5}% 42
\BOOKMARK [2][-]{subsection.5.2.1}{\376\377\000A\000j\000u\000s\000t\000e\000\040\000d\000e\000\040\000l\000a\000\040\000o\000r\000i\000e\000n\000t\000a\000c\000i\000\363\000n}{section.5.2}% 43
\BOOKMARK [2][-]{subsection.5.2.2}{\376\377\000U\000s\000o\000\040\000d\000e\000\040\000i\000n\000c\000r\000e\000m\000e\000n\000t\000o\000\040\000p\000i\000r\000a\000m\000i\000d\000a\000l}{section.5.2}% 44
\BOOKMARK [2][-]{subsection.5.2.3}{\376\377\000C\000\341\000l\000c\000u\000l\000o\000\040\000d\000e\000\040\000u\000n\000\040\000r\000a\000d\000i\000o\000\040\000i\000n\000i\000c\000i\000a\000l\000\040\000e\000n\000\040\000f\000u\000n\000c\000i\000\363\000n\000\040\000d\000e\000\040\000l\000a\000s\000\040\000b\000a\000l\000i\000z\000a\000s\000\040\000y\000\040\000m\000a\000r\000g\000e\000n}{section.5.2}% 45
\BOOKMARK [1][-]{section.5.3}{\376\377\000E\000j\000e\000m\000p\000l\000o\000s\000\040\000d\000e\000\040\000e\000j\000e\000c\000u\000c\000i\000\363\000n}{chapter.5}% 46
\BOOKMARK [1][-]{section.5.4}{\376\377\000C\000o\000n\000c\000l\000u\000s\000i\000o\000n\000s}{chapter.5}% 47
